<?xml version="1.0" encoding="UTF-8"?>
<!-- Generated by org.testng.reporters.JUnitXMLReporter -->
<testsuite ignored="2" hostname="1VXKX33" failures="0" tests="2" name="Test" time="54.88" errors="0" timestamp="2022-12-20T16:17:28 IST">
  <testcase classname="testcases.basware.TC_001_Verify_Login_Functionality" name="validateLoginFunctionality" time="31.743"/>
  <testcase classname="testcases.basware.TC_002_Verify_Search_Items_from_Search_Catalog" name="searchItemFromSearch" time="21.89"/>
  <testcase classname="base.TestBase" name="@BeforeSuite setUp" time="0.0">
    <ignored/>
  </testcase> <!-- @BeforeSuite setUp -->
  <testcase classname="base.TestBase" name="@AfterSuite tearDown" time="0.0">
    <ignored/>
  </testcase> <!-- @AfterSuite tearDown -->
</testsuite> <!-- Test -->
