<?xml version="1.0" encoding="UTF-8"?>
<testng-results ignored="2" total="4" passed="2" failed="0" skipped="0">
  <reporter-output>
  </reporter-output>
  <suite started-at="2022-12-20T16:16:33 IST" name="Suite" finished-at="2022-12-20T16:17:28 IST" duration-ms="54880">
    <groups>
    </groups>
    <test started-at="2022-12-20T16:16:33 IST" name="Test" finished-at="2022-12-20T16:17:28 IST" duration-ms="54880">
      <class name="testcases.basware.TC_002_Verify_Search_Items_from_Search_Catalog">
        <test-method is-config="true" signature="init()[pri:0, instance:testcases.basware.TC_002_Verify_Search_Items_from_Search_Catalog@2c42b421]" started-at="2022-12-20T16:16:33 IST" name="init" finished-at="2022-12-20T16:16:33 IST" duration-ms="2" status="PASS">
          <reporter-output>
          </reporter-output>
        </test-method> <!-- init -->
        <test-method signature="searchItemFromSearch()[pri:1, instance:testcases.basware.TC_002_Verify_Search_Items_from_Search_Catalog@2c42b421]" started-at="2022-12-20T16:17:05 IST" name="searchItemFromSearch" finished-at="2022-12-20T16:17:27 IST" duration-ms="21890" status="PASS">
          <reporter-output>
          </reporter-output>
        </test-method> <!-- searchItemFromSearch -->
      </class> <!-- testcases.basware.TC_002_Verify_Search_Items_from_Search_Catalog -->
      <class name="testcases.basware.TC_001_Verify_Login_Functionality">
        <test-method is-config="true" signature="setUp()[pri:0, instance:testcases.basware.TC_001_Verify_Login_Functionality@3249a1ce]" started-at="2022-12-20T16:16:21 IST" name="setUp" finished-at="2022-12-20T16:16:33 IST" duration-ms="12405" status="PASS">
          <reporter-output>
          </reporter-output>
        </test-method> <!-- setUp -->
        <test-method is-config="true" signature="init()[pri:0, instance:testcases.basware.TC_001_Verify_Login_Functionality@3249a1ce]" started-at="2022-12-20T16:16:33 IST" name="init" finished-at="2022-12-20T16:16:33 IST" duration-ms="25" status="PASS">
          <reporter-output>
          </reporter-output>
        </test-method> <!-- init -->
        <test-method signature="validateLoginFunctionality(java.lang.String,java.lang.String)[pri:0, instance:testcases.basware.TC_001_Verify_Login_Functionality@3249a1ce]" started-at="2022-12-20T16:16:33 IST" name="validateLoginFunctionality" data-provider="getData" finished-at="2022-12-20T16:17:05 IST" duration-ms="31743" status="PASS">
          <params>
            <param index="0">
              <value>
                <![CDATA[T301admin]]>
              </value>
            </param>
            <param index="1">
              <value>
                <![CDATA[Testing@1234]]>
              </value>
            </param>
          </params>
          <reporter-output>
          </reporter-output>
        </test-method> <!-- validateLoginFunctionality -->
        <test-method is-config="true" signature="tearDown()[pri:0, instance:testcases.basware.TC_001_Verify_Login_Functionality@3249a1ce]" started-at="2022-12-20T16:17:28 IST" name="tearDown" finished-at="2022-12-20T16:17:28 IST" duration-ms="0" status="PASS">
          <reporter-output>
          </reporter-output>
        </test-method> <!-- tearDown -->
      </class> <!-- testcases.basware.TC_001_Verify_Login_Functionality -->
    </test> <!-- Test -->
  </suite> <!-- Suite -->
</testng-results>
