<?xml version="1.0" encoding="UTF-8"?>
<testsuite xmlns:xsi="http://www.w3.org/2001/XMLSchema-instance" xsi:noNamespaceSchemaLocation="https://maven.apache.org/surefire/maven-surefire-plugin/xsd/surefire-test-report-3.0.xsd" version="3.0" name="TestSuite" time="69.11" tests="2" errors="0" skipped="0" failures="0">
  <properties>
[...]
</properties>
  <testcase name="validateLoginFunctionality[T301admin, Testing@1234](1)" classname="testcases.basware.TC_001_Verify_Login_Functionality" time="32.214">
    <system-out><![CDATA[testcases.basware.TC_001_Verify_Login_Functionalitywith method name validateLoginFunctionality is running successfully
]]></system-out>
    <system-err><![CDATA[SLF4J: Failed to load class "org.slf4j.impl.StaticLoggerBinder".
SLF4J: Defaulting to no-operation (NOP) logger implementation
SLF4J: See http://www.slf4j.org/codes.html#StaticLoggerBinder for further details.
ERROR StatusLogger Log4j2 could not find a logging implementation. Please add log4j-core to the classpath. Using SimpleLogger to log to the console...
Dec 20, 2022 4:16:33 PM io.appium.java_client.remote.AppiumCommandExecutor$1 lambda$0
INFO: Detected dialect: W3C
log4j:WARN No appenders could be found for logger (devpinoyLogger).
log4j:WARN Please initialize the log4j system properly.
log4j:WARN See http://logging.apache.org/log4j/1.2/faq.html#noconfig for more info.
]]></system-err>
  </testcase>
  <testcase name="searchItemFromSearch" classname="testcases.basware.TC_002_Verify_Search_Items_from_Search_Catalog" time="22.568">
    <system-out><![CDATA[testcases.basware.TC_002_Verify_Search_Items_from_Search_Catalogwith method name searchItemFromSearch is running successfully
]]></system-out>
  </testcase>
</testsuite>